<?xml version="1.0" encoding="UTF-8"?>
<!-- Generated by org.testng.reporters.JUnitXMLReporter -->
<testsuite ignored="1" hostname="Macbook" failures="0" tests="2" name="Regression Tests with Exclusion" time="0.018" errors="0" timestamp="2025-05-18T20:48:07 IST">
  <testcase classname="testcases.TestNGexamples.RegressionTestExample" name="verifyLinks" time="0.004"/>
  <testcase classname="testcases.TestNGexamples.RegressionTestExample" name="verifyTitle" time="0.0"/>
  <testcase classname="testcases.TestNGexamples.RegressionTestExample" name="verifyLogo" time="0.0">
    <ignored/>
  </testcase> <!-- verifyLogo -->
</testsuite> <!-- Regression Tests with Exclusion -->
