<?xml version="1.0" encoding="UTF-8"?>
<!-- Generated by org.testng.reporters.JUnitXMLReporter -->
<testsuite ignored="3" hostname="Macbook" failures="0" tests="0" time="0.003" errors="0" timestamp="2025-05-18T20:54:19 IST">
  <testcase classname="testcases.FileUploadPageTest" name="testFileUpload" time="0.0">
    <ignored/>
  </testcase> <!-- testFileUpload -->
  <testcase classname="testcases.TablePageTest" name="testTableRows" time="0.0">
    <ignored/>
  </testcase> <!-- testTableRows -->
  <testcase classname="base.BaseTest" name="@AfterSuite tearDownSuite" time="0.0">
    <ignored/>
  </testcase> <!-- @AfterSuite tearDownSuite -->
</testsuite>
